<?xml version="1.0" encoding="UTF-8"?>
<testng-results ignored="1" total="2" passed="1" failed="0" skipped="0">
  <reporter-output>
  </reporter-output>
  <suite started-at="2022-06-15T18:27:54 IST" name="Default suite" finished-at="2022-06-15T18:28:13 IST" duration-ms="19327">
    <groups>
    </groups>
    <test started-at="2022-06-15T18:27:54 IST" name="Default test" finished-at="2022-06-15T18:28:13 IST" duration-ms="19327">
      <class name="com.scripts.LoginLogoutTest">
        <test-method is-config="true" signature="initializeWebEnv()[pri:0, instance:com.scripts.LoginLogoutTest@5b03b9fe]" started-at="2022-06-15T18:27:54 IST" name="initializeWebEnv" finished-at="2022-06-15T18:28:02 IST" duration-ms="7622" status="PASS">
          <reporter-output>
          </reporter-output>
        </test-method> <!-- initializeWebEnv -->
        <test-method signature="TC_01_verifyLogin()[pri:0, instance:com.scripts.LoginLogoutTest@5b03b9fe]" started-at="2022-06-15T18:28:02 IST" name="TC_01_verifyLogin" finished-at="2022-06-15T18:28:13 IST" duration-ms="11308" status="PASS">
          <reporter-output>
          </reporter-output>
        </test-method> <!-- TC_01_verifyLogin -->
        <test-method is-config="true" signature="tearDownEnv()[pri:0, instance:com.scripts.LoginLogoutTest@5b03b9fe]" started-at="2022-06-15T18:28:13 IST" name="tearDownEnv" finished-at="2022-06-15T18:28:13 IST" duration-ms="324" status="PASS">
          <reporter-output>
          </reporter-output>
        </test-method> <!-- tearDownEnv -->
      </class> <!-- com.scripts.LoginLogoutTest -->
    </test> <!-- Default test -->
  </suite> <!-- Default suite -->
</testng-results>
